<?xml version="1.0" encoding="UTF-8" ?>
<testsuite tests="4" failures="0" name="com.benjamin.test.OracleTest" time="2.1" errors="1" skipped="0">
  <properties>
[...]
</properties>
  <testcase classname="com.benjamin.test.OracleTest" name="testSelectEmpsByEName" time="1.903"/>
  <testcase classname="com.benjamin.test.OracleTest" name="testSelectEmpsByEmpNo" time="0.079"/>
  <testcase classname="com.benjamin.test.OracleTest" name="testInsertPresident" time="0.07">
    <error message="
### Error updating database.  Cause: java.sql.SQLIntegrityConstraintViolationException: ORA-01400: 无法将 NULL 插入 (&quot;SCOTT&quot;.&quot;T_USA_PRESIDENT&quot;.&quot;ID&quot;)

### The error may exist in com/benjamin/dao/IPresidentDao.xml
### The error may involve com.benjamin.dao.IPresidentDao.insertPresident-Inline
### The error occurred while setting parameters
### SQL: INSERT INTO T_USA_PRESIDENT         (name, gender, age, brithday, term, party)         VALUES         (?, ?, ?, ?, ?, ?)
### Cause: java.sql.SQLIntegrityConstraintViolationException: ORA-01400: 无法将 NULL 插入 (&quot;SCOTT&quot;.&quot;T_USA_PRESIDENT&quot;.&quot;ID&quot;)
" type="org.apache.ibatis.exceptions.PersistenceException">org.apache.ibatis.exceptions.PersistenceException: 
### Error updating database.  Cause: java.sql.SQLIntegrityConstraintViolationException: ORA-01400: 无法将 NULL 插入 (&quot;SCOTT&quot;.&quot;T_USA_PRESIDENT&quot;.&quot;ID&quot;)

### The error may exist in com/benjamin/dao/IPresidentDao.xml
### The error may involve com.benjamin.dao.IPresidentDao.insertPresident-Inline
### The error occurred while setting parameters
### SQL: INSERT INTO T_USA_PRESIDENT         (name, gender, age, brithday, term, party)         VALUES         (?, ?, ?, ?, ?, ?)
### Cause: java.sql.SQLIntegrityConstraintViolationException: ORA-01400: 无法将 NULL 插入 (&quot;SCOTT&quot;.&quot;T_USA_PRESIDENT&quot;.&quot;ID&quot;)

	at org.apache.ibatis.exceptions.ExceptionFactory.wrapException(ExceptionFactory.java:30)
	at org.apache.ibatis.session.defaults.DefaultSqlSession.update(DefaultSqlSession.java:196)
	at org.apache.ibatis.session.defaults.DefaultSqlSession.insert(DefaultSqlSession.java:181)
	at org.apache.ibatis.binding.MapperMethod.execute(MapperMethod.java:62)
	at org.apache.ibatis.binding.MapperProxy$PlainMethodInvoker.invoke(MapperProxy.java:145)
	at org.apache.ibatis.binding.MapperProxy.invoke(MapperProxy.java:86)
	at com.sun.proxy.$Proxy10.insertPresident(Unknown Source)
	at com.benjamin.test.OracleTest.testInsertPresident(OracleTest.java:160)
	at sun.reflect.NativeMethodAccessorImpl.invoke0(Native Method)
	at sun.reflect.NativeMethodAccessorImpl.invoke(NativeMethodAccessorImpl.java:62)
	at sun.reflect.DelegatingMethodAccessorImpl.invoke(DelegatingMethodAccessorImpl.java:43)
	at java.lang.reflect.Method.invoke(Method.java:498)
	at org.junit.runners.model.FrameworkMethod$1.runReflectiveCall(FrameworkMethod.java:59)
	at org.junit.internal.runners.model.ReflectiveCallable.run(ReflectiveCallable.java:12)
	at org.junit.runners.model.FrameworkMethod.invokeExplosively(FrameworkMethod.java:56)
	at org.junit.internal.runners.statements.InvokeMethod.evaluate(InvokeMethod.java:17)
	at org.junit.internal.runners.statements.RunBefores.evaluate(RunBefores.java:26)
	at org.junit.internal.runners.statements.RunAfters.evaluate(RunAfters.java:27)
	at org.junit.runners.ParentRunner$3.evaluate(ParentRunner.java:306)
	at org.junit.runners.BlockJUnit4ClassRunner$1.evaluate(BlockJUnit4ClassRunner.java:100)
	at org.junit.runners.ParentRunner.runLeaf(ParentRunner.java:366)
	at org.junit.runners.BlockJUnit4ClassRunner.runChild(BlockJUnit4ClassRunner.java:103)
	at org.junit.runners.BlockJUnit4ClassRunner.runChild(BlockJUnit4ClassRunner.java:63)
	at org.junit.runners.ParentRunner$4.run(ParentRunner.java:331)
	at org.junit.runners.ParentRunner$1.schedule(ParentRunner.java:79)
	at org.junit.runners.ParentRunner.runChildren(ParentRunner.java:329)
	at org.junit.runners.ParentRunner.access$100(ParentRunner.java:66)
	at org.junit.runners.ParentRunner$2.evaluate(ParentRunner.java:293)
	at org.junit.runners.ParentRunner$3.evaluate(ParentRunner.java:306)
	at org.junit.runners.ParentRunner.run(ParentRunner.java:413)
	at org.apache.maven.surefire.junit4.JUnit4Provider.execute(JUnit4Provider.java:252)
	at org.apache.maven.surefire.junit4.JUnit4Provider.executeTestSet(JUnit4Provider.java:141)
	at org.apache.maven.surefire.junit4.JUnit4Provider.invoke(JUnit4Provider.java:112)
	at sun.reflect.NativeMethodAccessorImpl.invoke0(Native Method)
	at sun.reflect.NativeMethodAccessorImpl.invoke(NativeMethodAccessorImpl.java:62)
	at sun.reflect.DelegatingMethodAccessorImpl.invoke(DelegatingMethodAccessorImpl.java:43)
	at java.lang.reflect.Method.invoke(Method.java:498)
	at org.apache.maven.surefire.util.ReflectionUtils.invokeMethodWithArray(ReflectionUtils.java:189)
	at org.apache.maven.surefire.booter.ProviderFactory$ProviderProxy.invoke(ProviderFactory.java:165)
	at org.apache.maven.surefire.booter.ProviderFactory.invokeProvider(ProviderFactory.java:85)
	at org.apache.maven.surefire.booter.ForkedBooter.runSuitesInProcess(ForkedBooter.java:115)
	at org.apache.maven.surefire.booter.ForkedBooter.main(ForkedBooter.java:75)
Caused by: java.sql.SQLIntegrityConstraintViolationException: ORA-01400: 无法将 NULL 插入 (&quot;SCOTT&quot;.&quot;T_USA_PRESIDENT&quot;.&quot;ID&quot;)

	at oracle.jdbc.driver.T4CTTIoer11.processError(T4CTTIoer11.java:628)
	at oracle.jdbc.driver.T4CTTIoer11.processError(T4CTTIoer11.java:562)
	at oracle.jdbc.driver.T4C8Oall.processError(T4C8Oall.java:1145)
	at oracle.jdbc.driver.T4CTTIfun.receive(T4CTTIfun.java:726)
	at oracle.jdbc.driver.T4CTTIfun.doRPC(T4CTTIfun.java:291)
	at oracle.jdbc.driver.T4C8Oall.doOALL(T4C8Oall.java:492)
	at oracle.jdbc.driver.T4CPreparedStatement.doOall8(T4CPreparedStatement.java:148)
	at oracle.jdbc.driver.T4CPreparedStatement.executeForRows(T4CPreparedStatement.java:1038)
	at oracle.jdbc.driver.OracleStatement.executeSQLStatement(OracleStatement.java:1507)
	at oracle.jdbc.driver.OracleStatement.doExecuteWithTimeout(OracleStatement.java:1287)
	at oracle.jdbc.driver.OraclePreparedStatement.executeInternal(OraclePreparedStatement.java:3735)
	at oracle.jdbc.driver.OraclePreparedStatement.execute(OraclePreparedStatement.java:3933)
	at oracle.jdbc.driver.OraclePreparedStatementWrapper.execute(OraclePreparedStatementWrapper.java:1010)
	at sun.reflect.NativeMethodAccessorImpl.invoke0(Native Method)
	at sun.reflect.NativeMethodAccessorImpl.invoke(NativeMethodAccessorImpl.java:62)
	at sun.reflect.DelegatingMethodAccessorImpl.invoke(DelegatingMethodAccessorImpl.java:43)
	at java.lang.reflect.Method.invoke(Method.java:498)
	at org.apache.ibatis.logging.jdbc.PreparedStatementLogger.invoke(PreparedStatementLogger.java:59)
	at com.sun.proxy.$Proxy12.execute(Unknown Source)
	at org.apache.ibatis.executor.statement.PreparedStatementHandler.update(PreparedStatementHandler.java:47)
	at org.apache.ibatis.executor.statement.RoutingStatementHandler.update(RoutingStatementHandler.java:74)
	at org.apache.ibatis.executor.SimpleExecutor.doUpdate(SimpleExecutor.java:50)
	at org.apache.ibatis.executor.BaseExecutor.update(BaseExecutor.java:117)
	at org.apache.ibatis.executor.CachingExecutor.update(CachingExecutor.java:76)
	at org.apache.ibatis.session.defaults.DefaultSqlSession.update(DefaultSqlSession.java:194)
	... 40 more
Caused by: Error : 1400, Position : 0, Sql = INSERT INTO T_USA_PRESIDENT
        (name, gender, age, brithday, term, party)
        VALUES
        (:1 , :2 , :3 , :4 , :5 , :6 ), OriginalSql = INSERT INTO T_USA_PRESIDENT
        (name, gender, age, brithday, term, party)
        VALUES
        (?, ?, ?, ?, ?, ?), Error Msg = ORA-01400: 无法将 NULL 插入 (&quot;SCOTT&quot;.&quot;T_USA_PRESIDENT&quot;.&quot;ID&quot;)

	at oracle.jdbc.driver.T4CTTIoer11.processError(T4CTTIoer11.java:632)
	... 64 more
</error>
    <system-out>2021-06-08 00:45:26,820 1667   [           main] DEBUG source.pooled.PooledDataSource  - PooledDataSource forcefully closed/removed all connections.
2021-06-08 00:45:26,820 1667   [           main] DEBUG source.pooled.PooledDataSource  - PooledDataSource forcefully closed/removed all connections.
2021-06-08 00:45:26,820 1667   [           main] DEBUG source.pooled.PooledDataSource  - PooledDataSource forcefully closed/removed all connections.
2021-06-08 00:45:26,820 1667   [           main] DEBUG source.pooled.PooledDataSource  - PooledDataSource forcefully closed/removed all connections.
2021-06-08 00:45:26,831 1678   [      Finalizer] DEBUG source.pooled.PooledDataSource  - PooledDataSource forcefully closed/removed all connections.
2021-06-08 00:45:26,846 1693   [           main] DEBUG ansaction.jdbc.JdbcTransaction  - Opening JDBC Connection
2021-06-08 00:45:26,872 1719   [           main] DEBUG source.pooled.PooledDataSource  - Created connection 653880197.
2021-06-08 00:45:26,872 1719   [           main] DEBUG ansaction.jdbc.JdbcTransaction  - Setting autocommit to false on JDBC Connection [oracle.jdbc.driver.T4CConnection@26f96b85]
2021-06-08 00:45:26,872 1719   [           main] DEBUG .IPresidentDao.insertPresident  - ==&gt;  Preparing: INSERT INTO T_USA_PRESIDENT (name, gender, age, brithday, term, party) VALUES (?, ?, ?, ?, ?, ?)
2021-06-08 00:45:26,873 1720   [           main] DEBUG .IPresidentDao.insertPresident  - ==&gt; Parameters: Donald John Trump(String), male(String), 74(Integer), 1946-06-14 00:00:00.0(Timestamp), 2017.01.20~2021.01.20(String), Republican Party(String)
2021-06-08 00:45:26,877 1724   [           main] DEBUG ansaction.jdbc.JdbcTransaction  - Committing JDBC Connection [oracle.jdbc.driver.T4CConnection@26f96b85]
2021-06-08 00:45:26,878 1725   [           main] DEBUG ansaction.jdbc.JdbcTransaction  - Resetting autocommit to true on JDBC Connection [oracle.jdbc.driver.T4CConnection@26f96b85]
2021-06-08 00:45:26,878 1725   [           main] DEBUG ansaction.jdbc.JdbcTransaction  - Closing JDBC Connection [oracle.jdbc.driver.T4CConnection@26f96b85]
2021-06-08 00:45:26,881 1728   [           main] DEBUG source.pooled.PooledDataSource  - Returned connection 653880197 to pool.
</system-out>
  </testcase>
  <testcase classname="com.benjamin.test.OracleTest" name="testSelectAllEmps" time="0.048"/>
</testsuite>